           1
         500
  
  0.1000000000000E+01   0.8056132035379E-20
  0.1023290000000E+01   0.6656519372598E-19
  0.1047130000000E+01   0.6829649922347E-19
  0.1071520000000E+01   0.7042774419344E-19
  0.1096480000000E+01   0.7304044815635E-19
  0.1122020000000E+01   0.7622506124024E-19
  0.1148150000000E+01   0.8008157665564E-19
  0.1174900000000E+01   0.8472444291215E-19
  0.1202260000000E+01   0.9027200578346E-19
  0.1230270000000E+01   0.9686399871063E-19
  0.1258930000000E+01   0.1046436784859E-18
  0.1288250000000E+01   0.1137671808076E-18
  0.1318260000000E+01   0.1244086044287E-18
  0.1348960000000E+01   0.1367432191135E-18
  0.1380380000000E+01   0.1509683853178E-18
  0.1412540000000E+01   0.1672893488191E-18
  0.1445440000000E+01   0.1859099442167E-18
  0.1479110000000E+01   0.2070578751038E-18
  0.1513560000000E+01   0.2309567460331E-18
  0.1548820000000E+01   0.2578493256752E-18
  0.1584890000000E+01   0.2879598446920E-18
  0.1621810000000E+01   0.3215464733949E-18
  0.1659590000000E+01   0.3588446410366E-18
  0.1698240000000E+01   0.4000855852867E-18
  0.1737800000000E+01   0.4455291941772E-18
  0.1778280000000E+01   0.4953932996777E-18
  0.1819700000000E+01   0.5498957282623E-18
  0.1862090000000E+01   0.6092579782003E-18
  0.1905460000000E+01   0.6736632694531E-18
  0.1949840000000E+01   0.7433052645938E-18
  0.1995260000000E+01   0.8183631901032E-18
  0.2041740000000E+01   0.8989737417940E-18
  0.2089300000000E+01   0.9852428551527E-18
  0.2137960000000E+01   0.1077241403435E-17
  0.2187760000000E+01   0.1175068813727E-17
  0.2238720000000E+01   0.1278761853876E-17
  0.2290870000000E+01   0.1388332924939E-17
  0.2344230000000E+01   0.1503725887347E-17
  0.2398830000000E+01   0.1624878101627E-17
  0.2454710000000E+01   0.1751720995514E-17
  0.2511890000000E+01   0.1884104470824E-17
  0.2570400000000E+01   0.2021863041250E-17
  0.2630270000000E+01   0.2164783485337E-17
  0.2691530000000E+01   0.2312626169168E-17
  0.2754230000000E+01   0.2465171876889E-17
  0.2818380000000E+01   0.2622047894729E-17
  0.2884030000000E+01   0.2782959352019E-17
  0.2951210000000E+01   0.2947568747306E-17
  0.3019950000000E+01   0.3115452047510E-17
  0.3090300000000E+01   0.3286202540650E-17
  0.3162280000000E+01   0.3459371727711E-17
  0.3235940000000E+01   0.3634501446141E-17
  0.3311310000000E+01   0.3811059443744E-17
  0.3388440000000E+01   0.3988602048190E-17
  0.3467370000000E+01   0.4166704282261E-17
  0.3548130000000E+01   0.4344826255532E-17
  0.3630780000000E+01   0.4522424500777E-17
  0.3715350000000E+01   0.4698917961954E-17
  0.3801890000000E+01   0.4873851409824E-17
  0.3890450000000E+01   0.5046722724728E-17
  0.3981070000000E+01   0.5217017488965E-17
  0.4073800000000E+01   0.5384203879465E-17
  0.4168690000000E+01   0.5547897355601E-17
  0.4265800000000E+01   0.5707619329034E-17
  0.4365160000000E+01   0.5862821438447E-17
  0.4466840000000E+01   0.6013144686724E-17
  0.4570880000000E+01   0.6158191397766E-17
  0.4677350000000E+01   0.6297643151063E-17
  0.4786300000000E+01   0.6431181129235E-17
  0.4897790000000E+01   0.6558337768520E-17
  0.5011870000000E+01   0.6678921958923E-17
  0.5128610000000E+01   0.6792683923380E-17
  0.5248070000000E+01   0.6899333354182E-17
  0.5370320000000E+01   0.6998709022509E-17
  0.5495410000000E+01   0.7090625343502E-17
  0.5623410000000E+01   0.7174866662542E-17
  0.5754400000000E+01   0.7251309010053E-17
  0.5888440000000E+01   0.7320104783560E-17
  0.6025600000000E+01   0.7381328859025E-17
  0.6165950000000E+01   0.7434689487077E-17
  0.6309570000000E+01   0.7480192094119E-17
  0.6456540000000E+01   0.7518097506424E-17
  0.6606930000000E+01   0.7548282287276E-17
  0.6760830000000E+01   0.7570807879887E-17
  0.6918310000000E+01   0.7585650409506E-17
  0.7079460000000E+01   0.7593308241093E-17
  0.7244360000000E+01   0.7593707445590E-17
  0.7413100000000E+01   0.7586982475940E-17
  0.7585780000000E+01   0.7573140199236E-17
  0.7762470000000E+01   0.7552242078938E-17
  0.7943280000000E+01   0.7524494914877E-17
  0.8128310000000E+01   0.7490254329265E-17
  0.8317640000000E+01   0.7449815565662E-17
  0.8511380000000E+01   0.7404107199274E-17
  0.8709640000000E+01   0.7353032605973E-17
  0.8912510000000E+01   0.7296572905217E-17
  0.9120110000000E+01   0.7235226379420E-17
  0.9332540000000E+01   0.7169518358504E-17
  0.9549930000000E+01   0.7099910444074E-17
  0.9772370000000E+01   0.7026470968292E-17
  0.1000000000000E+02   0.6949253607660E-17
  0.1023290000000E+02   0.6868421620502E-17
  0.1047130000000E+02   0.6784381814945E-17
  0.1071520000000E+02   0.6697447729630E-17
  0.1096480000000E+02   0.6607711217132E-17
  0.1122020000000E+02   0.6515409095975E-17
  0.1148150000000E+02   0.6420802518058E-17
  0.1174900000000E+02   0.6324116470593E-17
  0.1202260000000E+02   0.6225646907932E-17
  0.1230270000000E+02   0.6125452849395E-17
  0.1258930000000E+02   0.6023872439940E-17
  0.1288250000000E+02   0.5921188832349E-17
  0.1318260000000E+02   0.5817354262899E-17
  0.1348960000000E+02   0.5712660519037E-17
  0.1380380000000E+02   0.5607201555162E-17
  0.1412540000000E+02   0.5500922039840E-17
  0.1445440000000E+02   0.5393876804176E-17
  0.1479110000000E+02   0.5286259560220E-17
  0.1513560000000E+02   0.5178310994321E-17
  0.1548820000000E+02   0.5070406184873E-17
  0.1584890000000E+02   0.4962675580721E-17
  0.1621810000000E+02   0.4855168397589E-17
  0.1659590000000E+02   0.4748184530515E-17
  0.1698240000000E+02   0.4641758077223E-17
  0.1737800000000E+02   0.4535937094758E-17
  0.1778280000000E+02   0.4431095498131E-17
  0.1819700000000E+02   0.4327321088424E-17
  0.1862090000000E+02   0.4224654295999E-17
  0.1905460000000E+02   0.4123225492711E-17
  0.1949840000000E+02   0.4023071792586E-17
  0.1995260000000E+02   0.3924249687437E-17
  0.2041740000000E+02   0.3826696511799E-17
  0.2089300000000E+02   0.3730352878644E-17
  0.2137960000000E+02   0.3635388947322E-17
  0.2187760000000E+02   0.3541778689072E-17
  0.2238720000000E+02   0.3449752062574E-17
  0.2290870000000E+02   0.3359073493291E-17
  0.2344230000000E+02   0.3269833998416E-17
  0.2398830000000E+02   0.3182162610996E-17
  0.2454710000000E+02   0.3095987231774E-17
  0.2511890000000E+02   0.3011341251484E-17
  0.2570400000000E+02   0.2928275646090E-17
  0.2630270000000E+02   0.2846801959012E-17
  0.2691530000000E+02   0.2766948096995E-17
  0.2754230000000E+02   0.2688717346330E-17
  0.2818380000000E+02   0.2612119104354E-17
  0.2884030000000E+02   0.2537148910332E-17
  0.2951210000000E+02   0.2463808293414E-17
  0.3019950000000E+02   0.2392056038514E-17
  0.3090300000000E+02   0.2321911095444E-17
  0.3162280000000E+02   0.2253458598952E-17
  0.3235940000000E+02   0.2186635734822E-17
  0.3311310000000E+02   0.2121396228535E-17
  0.3388440000000E+02   0.2057709919651E-17
  0.3467370000000E+02   0.1995571477683E-17
  0.3548130000000E+02   0.1934991170700E-17
  0.3630780000000E+02   0.1875962071449E-17
  0.3715350000000E+02   0.1818521294551E-17
  0.3801890000000E+02   0.1762590718078E-17
  0.3890450000000E+02   0.1708179125336E-17
  0.3981070000000E+02   0.1655288991952E-17
  0.4073800000000E+02   0.1603757114573E-17
  0.4168690000000E+02   0.1553755838649E-17
  0.4265800000000E+02   0.1505198805755E-17
  0.4365160000000E+02   0.1458025347393E-17
  0.4466840000000E+02   0.1412296723267E-17
  0.4570880000000E+02   0.1367847328469E-17
  0.4677350000000E+02   0.1324845638391E-17
  0.4786300000000E+02   0.1283120517647E-17
  0.4897790000000E+02   0.1242708645521E-17
  0.5011870000000E+02   0.1203557482378E-17
  0.5128610000000E+02   0.1165627486010E-17
  0.5248070000000E+02   0.1128891905152E-17
  0.5370320000000E+02   0.1093358332000E-17
  0.5495410000000E+02   0.1058970603120E-17
  0.5623410000000E+02   0.1025721911503E-17
  0.5754400000000E+02   0.9936065499904E-18
  0.5888440000000E+02   0.9625151544155E-18
  0.6025600000000E+02   0.9325102279794E-18
  0.6165950000000E+02   0.9035096194211E-18
  0.6309570000000E+02   0.8754713980599E-18
  0.6456540000000E+02   0.8484574822059E-18
  0.6606930000000E+02   0.8224543479360E-18
  0.6760830000000E+02   0.7971014073059E-18
  0.6918310000000E+02   0.7729219387186E-18
  0.7079460000000E+02   0.7493536063164E-18
  0.7244360000000E+02   0.7266895627501E-18
  0.7413100000000E+02   0.7047921095979E-18
  0.7585780000000E+02   0.6836695787903E-18
  0.7762470000000E+02   0.6631911484720E-18
  0.7943280000000E+02   0.6436175953749E-18
  0.8128310000000E+02   0.6244466583867E-18
  0.8317640000000E+02   0.6059263932069E-18
  0.8511380000000E+02   0.5880902582015E-18
  0.8709640000000E+02   0.5708887802604E-18
  0.8912510000000E+02   0.5542824433439E-18
  0.9120110000000E+02   0.5381460044848E-18
  0.9332540000000E+02   0.5226460153032E-18
  0.9549930000000E+02   0.5076052041305E-18
  0.9772370000000E+02   0.4929830179826E-18
  0.1000000000000E+03   0.4787978763513E-18
  0.1023290000000E+03   0.4650820490882E-18
  0.1047130000000E+03   0.4517395811971E-18
  0.1071520000000E+03   0.4387718133607E-18
  0.1096480000000E+03   0.4261493692822E-18
  0.1122020000000E+03   0.4139698189753E-18
  0.1148150000000E+03   0.4021266331469E-18
  0.1174900000000E+03   0.3905481511783E-18
  0.1202260000000E+03   0.3792910551697E-18
  0.1230270000000E+03   0.3684289023590E-18
  0.1258930000000E+03   0.3578722106698E-18
  0.1288250000000E+03   0.3475651515557E-18
  0.1318260000000E+03   0.3374490196697E-18
  0.1348960000000E+03   0.3276454052280E-18
  0.1380380000000E+03   0.3181700865459E-18
  0.1412540000000E+03   0.3088664931679E-18
  0.1445440000000E+03   0.2997243236951E-18
  0.1479110000000E+03   0.2908557537367E-18
  0.1513560000000E+03   0.2822495463790E-18
  0.1548820000000E+03   0.2738678112433E-18
  0.1584890000000E+03   0.2656967744053E-18
  0.1621810000000E+03   0.2577128389576E-18
  0.1659590000000E+03   0.2499144934586E-18
  0.1698240000000E+03   0.2423087801415E-18
  0.1737800000000E+03   0.2348989251270E-18
  0.1778280000000E+03   0.2276829526253E-18
  0.1819700000000E+03   0.2206429689522E-18
  0.1862090000000E+03   0.2137679752600E-18
  0.1905460000000E+03   0.2070562745600E-18
  0.1949840000000E+03   0.2005067731062E-18
  0.1995260000000E+03   0.1941270683976E-18
  0.2041740000000E+03   0.1879264634554E-18
  0.2089300000000E+03   0.1818972436919E-18
  0.2137960000000E+03   0.1760182326902E-18
  0.2187760000000E+03   0.1702875935838E-18
  0.2238720000000E+03   0.1647167974990E-18
  0.2290870000000E+03   0.1592986667256E-18
  0.2344230000000E+03   0.1540105121990E-18
  0.2398830000000E+03   0.1488625656318E-18
  0.2454710000000E+03   0.1438747832947E-18
  0.2511890000000E+03   0.1390395850151E-18
  0.2570400000000E+03   0.1343315774296E-18
  0.2630270000000E+03   0.1297446004205E-18
  0.2691530000000E+03   0.1252865383272E-18
  0.2754230000000E+03   0.1209650818029E-18
  0.2818380000000E+03   0.1167760300254E-18
  0.2884030000000E+03   0.1127065218647E-18
  0.2951210000000E+03   0.1087579566705E-18
  0.3019950000000E+03   0.1049319975784E-18
  0.3090300000000E+03   0.1012250570071E-18
  0.3162280000000E+03   0.9763032759589E-19
  0.3235940000000E+03   0.9414493622337E-19
  0.3311310000000E+03   0.9076838908561E-19
  0.3388440000000E+03   0.8749501225686E-19
  0.3467370000000E+03   0.8432115617887E-19
  0.3548130000000E+03   0.8124751634409E-19
  0.3630780000000E+03   0.7827001604278E-19
  0.3715350000000E+03   0.7538766409180E-19
  0.3801890000000E+03   0.7260942744420E-19
  0.3890450000000E+03   0.6992959264497E-19
  0.3981070000000E+03   0.6733925608574E-19
  0.4073800000000E+03   0.6483245932760E-19
  0.4168690000000E+03   0.6240845887975E-19
  0.4265800000000E+03   0.6006608034542E-19
  0.4365160000000E+03   0.5780352655584E-19
  0.4466840000000E+03   0.5561832709983E-19
  0.4570880000000E+03   0.5350853088450E-19
  0.4677350000000E+03   0.5147162610975E-19
  0.4786300000000E+03   0.4950573384805E-19
  0.4897790000000E+03   0.4760886790249E-19
  0.5011870000000E+03   0.4577888918252E-19
  0.5128610000000E+03   0.4401342785972E-19
  0.5248070000000E+03   0.4231101163552E-19
  0.5370320000000E+03   0.4066973192960E-19
  0.5495410000000E+03   0.3908809485741E-19
  0.5623410000000E+03   0.3756428126123E-19
  0.5754400000000E+03   0.3609608534007E-19
  0.5888440000000E+03   0.3468183325498E-19
  0.6025600000000E+03   0.3331973766547E-19
  0.6165950000000E+03   0.3200813224496E-19
  0.6309570000000E+03   0.3074531506403E-19
  0.6456540000000E+03   0.2952978354795E-19
  0.6606930000000E+03   0.2835997110959E-19
  0.6760830000000E+03   0.2723425528711E-19
  0.6918310000000E+03   0.2615119642009E-19
  0.7079460000000E+03   0.2510935026730E-19
  0.7244360000000E+03   0.2410715343805E-19
  0.7413100000000E+03   0.2314315674393E-19
  0.7585780000000E+03   0.2221594586727E-19
  0.7762470000000E+03   0.2132429655817E-19
  0.7943280000000E+03   0.2046684045498E-19
  0.8128310000000E+03   0.1964235252086E-19
  0.8317640000000E+03   0.1884973684518E-19
  0.8511380000000E+03   0.1808787431856E-19
  0.8709640000000E+03   0.1735561119470E-19
  0.8912510000000E+03   0.1665193502913E-19
  0.9120110000000E+03   0.1597584303023E-19
  0.9332540000000E+03   0.1532623147892E-19
  0.9549930000000E+03   0.1470219743675E-19
  0.9772370000000E+03   0.1410333632220E-19
  0.1000000000000E+04   0.1352799245468E-19
  0.1023290000000E+04   0.1297535915737E-19
  0.1047130000000E+04   0.1244449451585E-19
  0.1071520000000E+04   0.1193486544598E-19
  0.1096480000000E+04   0.1144552303326E-19
  0.1122020000000E+04   0.1097580266272E-19
  0.1148150000000E+04   0.1052496964904E-19
  0.1174900000000E+04   0.1009203839657E-19
  0.1202260000000E+04   0.9676704751284E-20
  0.1230270000000E+04   0.9277950108422E-20
  0.1258930000000E+04   0.8895313993115E-20
  0.1288250000000E+04   0.8528232627507E-20
  0.1318260000000E+04   0.8175924359430E-20
  0.1348960000000E+04   0.7838026643034E-20
  0.1380380000000E+04   0.7513791957441E-20
  0.1412540000000E+04   0.7202659922321E-20
  0.1445440000000E+04   0.6904277723122E-20
  0.1479110000000E+04   0.6618055788758E-20
  0.1513560000000E+04   0.6343561342548E-20
  0.1548820000000E+04   0.6080244660730E-20
  0.1584890000000E+04   0.5827784794242E-20
  0.1621810000000E+04   0.5585630480494E-20
  0.1659590000000E+04   0.5353412319859E-20
  0.1698240000000E+04   0.5130788080825E-20
  0.1737800000000E+04   0.4917262434484E-20
  0.1778280000000E+04   0.4712552986584E-20
  0.1819700000000E+04   0.4516290478045E-20
  0.1862090000000E+04   0.4328098489924E-20
  0.1905460000000E+04   0.4147707041800E-20
  0.1949840000000E+04   0.3974788251430E-20
  0.1995260000000E+04   0.3808999347458E-20
  0.2041740000000E+04   0.3650063448316E-20
  0.2089300000000E+04   0.3497723181047E-20
  0.2137960000000E+04   0.3351738897525E-20
  0.2187760000000E+04   0.3211792436539E-20
  0.2238720000000E+04   0.3077657408090E-20
  0.2290870000000E+04   0.2949092641362E-20
  0.2344230000000E+04   0.2825904178259E-20
  0.2398830000000E+04   0.2707851408952E-20
  0.2454710000000E+04   0.2594696809152E-20
  0.2511890000000E+04   0.2486258940050E-20
  0.2570400000000E+04   0.2382351790616E-20
  0.2630270000000E+04   0.2282778383275E-20
  0.2691530000000E+04   0.2187360173202E-20
  0.2754230000000E+04   0.2095903778404E-20
  0.2818380000000E+04   0.2008292945796E-20
  0.2884030000000E+04   0.1924338299435E-20
  0.2951210000000E+04   0.1843892398874E-20
  0.3019950000000E+04   0.1766811564516E-20
  0.3090300000000E+04   0.1692956960750E-20
  0.3162280000000E+04   0.1622215915240E-20
  0.3235940000000E+04   0.1554464758596E-20
  0.3311310000000E+04   0.1489583632546E-20
  0.3388440000000E+04   0.1427439674547E-20
  0.3467370000000E+04   0.1367878203103E-20
  0.3548130000000E+04   0.1310797934206E-20
  0.3630780000000E+04   0.1256084942466E-20
  0.3715350000000E+04   0.1203680212733E-20
  0.3801890000000E+04   0.1153458858729E-20
  0.3890450000000E+04   0.1105318244885E-20
  0.3981070000000E+04   0.1059147371629E-20
  0.4073800000000E+04   0.1014873496010E-20
  0.4168690000000E+04   0.9724380380340E-21
  0.4265800000000E+04   0.9318024525569E-21
  0.4365160000000E+04   0.8929118052208E-21
  0.4466840000000E+04   0.8557009230344E-21
  0.4570880000000E+04   0.8200542150355E-21
  0.4677350000000E+04   0.7858688805396E-21
  0.4786300000000E+04   0.7530704717842E-21
  0.4897790000000E+04   0.7216130987365E-21
  0.5011870000000E+04   0.6914950466591E-21
  0.5128610000000E+04   0.6627058887012E-21
  0.5248070000000E+04   0.6352317306212E-21
  0.5370320000000E+04   0.6090203892667E-21
  0.5495410000000E+04   0.5839517879563E-21
  0.5623410000000E+04   0.5598991165576E-21
  0.5754400000000E+04   0.5367676650695E-21
  0.5888440000000E+04   0.5144643129847E-21
  0.6025600000000E+04   0.4930148527228E-21
  0.6165950000000E+04   0.4724093316981E-21
  0.6309570000000E+04   0.4526790791400E-21
  0.6456540000000E+04   0.4338168256641E-21
  0.6606930000000E+04   0.4158139638805E-21
  0.6760830000000E+04   0.3985688830533E-21
  0.6918310000000E+04   0.3820247293840E-21
  0.7079460000000E+04   0.3660635696565E-21
  0.7244360000000E+04   0.3506693882201E-21
  0.7413100000000E+04   0.3358149257674E-21
  0.7585780000000E+04   0.3215232601867E-21
  0.7762470000000E+04   0.3077683863724E-21
  0.7943280000000E+04   0.2945699604079E-21
  0.8128310000000E+04   0.2819086731370E-21
  0.8317640000000E+04   0.2697877466134E-21
  0.8511380000000E+04   0.2581877226892E-21
  0.8709640000000E+04   0.2471009211821E-21
  0.8912510000000E+04   0.2365145415625E-21
  0.9120110000000E+04   0.2264191099174E-21
  0.9332540000000E+04   0.2167969196177E-21
  0.9549930000000E+04   0.2075374412577E-21
  0.9772370000000E+04   0.1985471133193E-21
  0.1000000000000E+05   0.1897887296102E-21
  0.1023290000000E+05   0.1812621234800E-21
  0.1047130000000E+05   0.1729595009125E-21
  0.1071520000000E+05   0.1648820553797E-21
  0.1096480000000E+05   0.1570252223750E-21
  0.1122020000000E+05   0.1493888907541E-21
  0.1148150000000E+05   0.1419736752771E-21
  0.1174900000000E+05   0.1347755068395E-21
  0.1202260000000E+05   0.1278017284789E-21
  0.1230270000000E+05   0.1210470204967E-21
  0.1258930000000E+05   0.1145165090629E-21
  0.1288250000000E+05   0.1082125063113E-21
  0.1318260000000E+05   0.1021330504613E-21
  0.1348960000000E+05   0.9628219183202E-22
  0.1380380000000E+05   0.9065769193094E-22
  0.1412540000000E+05   0.8525911898887E-22
  0.1445440000000E+05   0.8008869551307E-22
  0.1479110000000E+05   0.7514311649292E-22
  0.1513560000000E+05   0.7042163663325E-22
  0.1548820000000E+05   0.6592014774841E-22
  0.1584890000000E+05   0.6163779939990E-22
  0.1621810000000E+05   0.5756828371373E-22
  0.1659590000000E+05   0.5370838765509E-22
  0.1698240000000E+05   0.5005409588256E-22
  0.1737800000000E+05   0.4659815411481E-22
  0.1778280000000E+05   0.4333578150218E-22
  0.1819700000000E+05   0.4026086733083E-22
  0.1862090000000E+05   0.3736635313547E-22
  0.1905460000000E+05   0.3464635868543E-22
  0.1949840000000E+05   0.3209349682874E-22
  0.1995260000000E+05   0.2970043772861E-22
  0.2041740000000E+05   0.2746038732612E-22
  0.2089300000000E+05   0.2536648421794E-22
  0.2137960000000E+05   0.2341184739826E-22
  0.2187760000000E+05   0.2158892151765E-22
  0.2238720000000E+05   0.1989110255177E-22
  0.2290870000000E+05   0.1831156618095E-22
  0.2344230000000E+05   0.1684395892463E-22
  0.2398830000000E+05   0.1548180823616E-22
  0.2454710000000E+05   0.1421866131106E-22
  0.2511890000000E+05   0.1304877470210E-22
  0.2570400000000E+05   0.1196638416321E-22
  0.2630270000000E+05   0.1096596780375E-22
  0.2691530000000E+05   0.1004224625813E-22
  0.2754230000000E+05   0.9189923872789E-23
  0.2818380000000E+05   0.8404512397990E-23
  0.2884030000000E+05   0.7681235410615E-23
  0.2951210000000E+05   0.7015823566799E-23
  0.3019950000000E+05   0.6404225918267E-23
  0.3090300000000E+05   0.5842455453335E-23
  0.3162280000000E+05   0.5327002265382E-23
  0.3235940000000E+05   0.4854343246787E-23
  0.3311310000000E+05   0.4421312277277E-23
  0.3388440000000E+05   0.4024830406699E-23
  0.3467370000000E+05   0.3662083024411E-23
  0.3548130000000E+05   0.3330480839330E-23
  0.3630780000000E+05   0.3027490926647E-23
  0.3715350000000E+05   0.2750873135580E-23
  0.3801890000000E+05   0.2498475065417E-23
  0.3890450000000E+05   0.2268306407697E-23
  0.3981070000000E+05   0.2058549282785E-23
  0.4073800000000E+05   0.1867496765798E-23
  0.4168690000000E+05   0.1693573671504E-23
  0.4265800000000E+05   0.1535311850665E-23
  0.4365160000000E+05   0.1391404667212E-23
  0.4466840000000E+05   0.1260589329327E-23
  0.4570880000000E+05   0.1141745413068E-23
  0.4677350000000E+05   0.1033809220467E-23
  0.4786300000000E+05   0.9358272227681E-24
  0.4897790000000E+05   0.8469154085958E-24
  0.5011870000000E+05   0.7662713549730E-24
  0.5128610000000E+05   0.6931466303326E-24
  0.5248070000000E+05   0.6268644331288E-24
  0.5370320000000E+05   0.5668013675253E-24
  0.5495410000000E+05   0.5123976476636E-24
  0.5623410000000E+05   0.4631329690510E-24
  0.5754400000000E+05   0.4185304878472E-24
  0.5888440000000E+05   0.3781630008411E-24
  0.6025600000000E+05   0.3416379637403E-24
  0.6165950000000E+05   0.3085981571921E-24
  0.6309570000000E+05   0.2787166205769E-24
  0.6456540000000E+05   0.2516966859537E-24
  0.6606930000000E+05   0.2272706621132E-24
  0.6760830000000E+05   0.2051923447037E-24
  0.6918310000000E+05   0.1852412555271E-24
  0.7079460000000E+05   0.1672147614099E-24
  0.7244360000000E+05   0.1509303717318E-24
  0.7413100000000E+05   0.1362216944565E-24
  0.7585780000000E+05   0.1229373763106E-24
  0.7762470000000E+05   0.1109425660325E-24
  0.7943280000000E+05   0.1001123956700E-24
  0.8128310000000E+05   0.9033475267358E-25
  0.8317640000000E+05   0.8150915804230E-25
  0.8511380000000E+05   0.7354326757962E-25
  0.8709640000000E+05   0.6635375515376E-25
  0.8912510000000E+05   0.5986600000704E-25
  0.9120110000000E+05   0.5401159593304E-25
  0.9332540000000E+05   0.4872934677806E-25
  0.9549930000000E+05   0.4396326806193E-25
  0.9772370000000E+05   0.3963712516736E-25
