2021-05-01 16:10:17,096 - mirage.seed_image.fits_seed_image - INFO - 
2021-05-01 16:10:17,096 - mirage.seed_image.fits_seed_image - INFO - 
2021-05-01 16:10:17,097 - mirage.seed_image.fits_seed_image - INFO - Running fits_seed_image....
2021-05-01 16:10:17,098 - mirage.seed_image.fits_seed_image - INFO - 
2021-05-01 16:10:17,099 - mirage.seed_image.fits_seed_image - INFO - using parameter file: image2_data/jw00005001001_01101_00001_nrca1.yaml
2021-05-01 16:10:17,100 - mirage.seed_image.fits_seed_image - INFO - 
2021-05-01 16:10:17,102 - mirage.seed_image.fits_seed_image - INFO - Original log file name: ./mirage_latest.log
2021-05-01 16:21:19,739 - mirage.seed_image.fits_seed_image - INFO - 
2021-05-01 16:21:19,741 - mirage.seed_image.fits_seed_image - INFO - 
2021-05-01 16:21:19,742 - mirage.seed_image.fits_seed_image - INFO - Running fits_seed_image....
2021-05-01 16:21:19,742 - mirage.seed_image.fits_seed_image - INFO - 
2021-05-01 16:21:19,743 - mirage.seed_image.fits_seed_image - INFO - using parameter file: image2_data/jw00005001001_01101_00001_nrca1.yaml
2021-05-01 16:21:19,746 - mirage.seed_image.fits_seed_image - INFO - 
2021-05-01 16:21:19,747 - mirage.seed_image.fits_seed_image - INFO - Original log file name: ./mirage_latest.log
2021-05-01 16:31:55,164 - mirage.seed_image.fits_seed_image - INFO - 
2021-05-01 16:31:55,166 - mirage.seed_image.fits_seed_image - INFO - 
2021-05-01 16:31:55,166 - mirage.seed_image.fits_seed_image - INFO - Running fits_seed_image....
2021-05-01 16:31:55,167 - mirage.seed_image.fits_seed_image - INFO - 
2021-05-01 16:31:55,168 - mirage.seed_image.fits_seed_image - INFO - using parameter file: image2_data/jw00005001001_01101_00001_nrca1.yaml
2021-05-01 16:31:55,170 - mirage.seed_image.fits_seed_image - INFO - 
2021-05-01 16:31:55,171 - mirage.seed_image.fits_seed_image - INFO - Original log file name: ./mirage_latest.log
2021-05-01 16:32:40,410 - mirage.seed_image.fits_seed_image - INFO - 
2021-05-01 16:32:40,411 - mirage.seed_image.fits_seed_image - INFO - 
2021-05-01 16:32:40,412 - mirage.seed_image.fits_seed_image - INFO - Running fits_seed_image....
2021-05-01 16:32:40,413 - mirage.seed_image.fits_seed_image - INFO - 
2021-05-01 16:32:40,414 - mirage.seed_image.fits_seed_image - INFO - using parameter file: image2_data/jw00005001001_01101_00001_nrca1.yaml
2021-05-01 16:32:40,416 - mirage.seed_image.fits_seed_image - INFO - 
2021-05-01 16:32:40,417 - mirage.seed_image.fits_seed_image - INFO - Original log file name: ./mirage_latest.log
2021-05-01 16:34:06,258 - mirage.seed_image.fits_seed_image - INFO - 
2021-05-01 16:34:06,259 - mirage.seed_image.fits_seed_image - INFO - 
2021-05-01 16:34:06,261 - mirage.seed_image.fits_seed_image - INFO - Running fits_seed_image....
2021-05-01 16:34:06,263 - mirage.seed_image.fits_seed_image - INFO - 
2021-05-01 16:34:06,265 - mirage.seed_image.fits_seed_image - INFO - using parameter file: image2_data/jw00005001001_01101_00001_nrca1.yaml
2021-05-01 16:34:06,267 - mirage.seed_image.fits_seed_image - INFO - 
2021-05-01 16:34:06,268 - mirage.seed_image.fits_seed_image - INFO - Original log file name: ./mirage_latest.log
2021-05-01 16:34:44,225 - mirage.seed_image.fits_seed_image - INFO - 
2021-05-01 16:34:44,225 - mirage.seed_image.fits_seed_image - INFO - 
2021-05-01 16:34:44,226 - mirage.seed_image.fits_seed_image - INFO - Running fits_seed_image....
2021-05-01 16:34:44,226 - mirage.seed_image.fits_seed_image - INFO - 
2021-05-01 16:34:44,228 - mirage.seed_image.fits_seed_image - INFO - using parameter file: image2_data/jw00005001001_01101_00001_nrca1.yaml
2021-05-01 16:34:44,229 - mirage.seed_image.fits_seed_image - INFO - 
2021-05-01 16:34:44,231 - mirage.seed_image.fits_seed_image - INFO - Original log file name: ./mirage_latest.log
2021-05-01 16:35:51,609 - mirage.seed_image.fits_seed_image - INFO - 
2021-05-01 16:35:51,610 - mirage.seed_image.fits_seed_image - INFO - 
2021-05-01 16:35:51,611 - mirage.seed_image.fits_seed_image - INFO - Running fits_seed_image....
2021-05-01 16:35:51,612 - mirage.seed_image.fits_seed_image - INFO - 
2021-05-01 16:35:51,615 - mirage.seed_image.fits_seed_image - INFO - using parameter file: image2_data/jw00005001001_01101_00001_nrca1.yaml
2021-05-01 16:35:51,617 - mirage.seed_image.fits_seed_image - INFO - 
2021-05-01 16:35:51,617 - mirage.seed_image.fits_seed_image - INFO - Original log file name: ./mirage_latest.log
2021-05-01 16:37:15,488 - mirage.seed_image.fits_seed_image - INFO - 
2021-05-01 16:37:15,489 - mirage.seed_image.fits_seed_image - INFO - 
2021-05-01 16:37:15,491 - mirage.seed_image.fits_seed_image - INFO - Running fits_seed_image....
2021-05-01 16:37:15,492 - mirage.seed_image.fits_seed_image - INFO - 
2021-05-01 16:37:15,493 - mirage.seed_image.fits_seed_image - INFO - using parameter file: image2_data/jw00005001001_01101_00001_nrca1.yaml
2021-05-01 16:37:15,494 - mirage.seed_image.fits_seed_image - INFO - 
2021-05-01 16:37:15,496 - mirage.seed_image.fits_seed_image - INFO - Original log file name: ./mirage_latest.log
2021-05-01 16:40:58,711 - mirage.seed_image.fits_seed_image - INFO - 
2021-05-01 16:40:58,712 - mirage.seed_image.fits_seed_image - INFO - 
2021-05-01 16:40:58,713 - mirage.seed_image.fits_seed_image - INFO - Running fits_seed_image....
2021-05-01 16:40:58,713 - mirage.seed_image.fits_seed_image - INFO - 
2021-05-01 16:40:58,715 - mirage.seed_image.fits_seed_image - INFO - using parameter file: image2_data/jw00005001001_01101_00001_nrca1.yaml
2021-05-01 16:40:58,716 - mirage.seed_image.fits_seed_image - INFO - 
2021-05-01 16:40:58,718 - mirage.seed_image.fits_seed_image - INFO - Original log file name: ./mirage_latest.log
2021-05-01 16:41:13,607 - mirage.seed_image.fits_seed_image - INFO - 
2021-05-01 16:41:13,608 - mirage.seed_image.fits_seed_image - INFO - 
2021-05-01 16:41:13,609 - mirage.seed_image.fits_seed_image - INFO - Running fits_seed_image....
2021-05-01 16:41:13,610 - mirage.seed_image.fits_seed_image - INFO - 
2021-05-01 16:41:13,612 - mirage.seed_image.fits_seed_image - INFO - using parameter file: image2_data/jw00005001001_01101_00001_nrca1.yaml
2021-05-01 16:41:13,613 - mirage.seed_image.fits_seed_image - INFO - 
2021-05-01 16:41:13,615 - mirage.seed_image.fits_seed_image - INFO - Original log file name: ./mirage_latest.log
2021-05-01 16:51:25,407 - mirage.seed_image.fits_seed_image - INFO - 
2021-05-01 16:51:25,409 - mirage.seed_image.fits_seed_image - INFO - 
2021-05-01 16:51:25,409 - mirage.seed_image.fits_seed_image - INFO - Running fits_seed_image....
2021-05-01 16:51:25,410 - mirage.seed_image.fits_seed_image - INFO - 
2021-05-01 16:51:25,411 - mirage.seed_image.fits_seed_image - INFO - using parameter file: image2_data/jw00005001001_01101_00001_nrca1.yaml
2021-05-01 16:51:25,413 - mirage.seed_image.fits_seed_image - INFO - 
2021-05-01 16:51:25,414 - mirage.seed_image.fits_seed_image - INFO - Original log file name: ./mirage_latest.log
2021-05-01 16:53:07,624 - mirage.seed_image.fits_seed_image - INFO - 
2021-05-01 16:53:07,625 - mirage.seed_image.fits_seed_image - INFO - 
2021-05-01 16:53:07,626 - mirage.seed_image.fits_seed_image - INFO - Running fits_seed_image....
2021-05-01 16:53:07,627 - mirage.seed_image.fits_seed_image - INFO - 
2021-05-01 16:53:07,629 - mirage.seed_image.fits_seed_image - INFO - using parameter file: image2_data/jw00005001001_01101_00001_nrca1.yaml
2021-05-01 16:53:07,631 - mirage.seed_image.fits_seed_image - INFO - 
2021-05-01 16:53:07,633 - mirage.seed_image.fits_seed_image - INFO - Original log file name: ./mirage_latest.log
2021-05-01 16:53:07,952 - mirage.psf.psf_selection.get_psf_wings - INFO - PSF wings will be from: nircam_nrca1_f200w_clear_fovp401_samp1_predicted_realization0.fits
2021-05-01 16:53:08,277 - mirage.seed_image.fits_seed_image - INFO - JWST FWHM in pix: 2.1635692792862073
2021-05-01 16:53:08,277 - mirage.seed_image.fits_seed_image - INFO - JWST FWHM in arcsec: 0.06776800930797196
2021-05-01 16:53:08,278 - mirage.seed_image.fits_seed_image - INFO - Creating 2D Gaussian for mosiac PSF
2021-05-01 16:53:08,279 - mirage.seed_image.fits_seed_image - INFO - Mosaic pixel scale: 0.00260003475982296 x 0.0026000347598229886
2021-05-01 16:53:08,280 - mirage.seed_image.fits_seed_image - INFO - JWST pixel scale: 0.03113928 x 0.03132232
2021-05-01 16:53:08,281 - mirage.seed_image.fits_seed_image - INFO - scale ratios: 11.97648603825601, 12.046885097079409
2021-05-01 16:53:08,283 - mirage.seed_image.fits_seed_image - INFO - JWST PSF dims: 101 x 101
2021-05-01 16:53:08,285 - mirage.seed_image.fits_seed_image - INFO - Gaussian PSF dimensions: 1211 x 1217
2021-05-01 16:53:08,388 - mirage.seed_image.fits_seed_image - DEBUG - Temporarily saving psf for development
2021-05-01 16:53:08,441 - mirage.seed_image.fits_seed_image - INFO - Cropping subarray from mosaic
2021-05-01 16:53:08,455 - py.warnings - WARNING - /Users/spacegrey/opt/anaconda3/envs/mirage/lib/python3.7/site-packages/astropy/wcs/wcs.py:709: FITSFixedWarning: 'cdfix' made the change 'Success'.
  FITSFixedWarning)

2021-05-01 16:53:08,456 - py.warnings - WARNING - /Users/spacegrey/opt/anaconda3/envs/mirage/lib/python3.7/site-packages/astropy/wcs/wcs.py:709: FITSFixedWarning: 'unitfix' made the change 'Changed units:
  '     DEG' -> 'deg',
  '     DEG' -> 'deg',
  '      HZ' -> 'Hz'.
  FITSFixedWarning)

2021-05-01 16:53:08,456 - py.warnings - WARNING - /Users/spacegrey/opt/anaconda3/envs/mirage/lib/python3.7/site-packages/astropy/wcs/wcs.py:709: FITSFixedWarning: 'spcfix' made the change 'Changed CTYPE3 from 'FREQ-LSR' to 'FREQ', and SPECSYS to 'LSRK' (VELREF=0)'.
  FITSFixedWarning)

2021-05-01 16:53:08,469 - mirage.seed_image.crop_mosaic - INFO - 
2021-05-01 16:53:08,470 - mirage.seed_image.crop_mosaic - INFO - 
2021-05-01 16:53:08,471 - mirage.seed_image.crop_mosaic - INFO - ******************************************************************
2021-05-01 16:53:08,472 - mirage.seed_image.crop_mosaic - INFO - Assuming input files have been drizzled. Removing SIP coefficients
2021-05-01 16:53:08,473 - mirage.seed_image.crop_mosaic - INFO - ******************************************************************
2021-05-01 16:53:08,475 - mirage.seed_image.crop_mosaic - INFO - 
2021-05-01 16:53:08,476 - mirage.seed_image.crop_mosaic - INFO - 
2021-05-01 16:56:43,102 - mirage.seed_image.fits_seed_image - INFO - 
2021-05-01 16:56:43,103 - mirage.seed_image.fits_seed_image - INFO - 
2021-05-01 16:56:43,104 - mirage.seed_image.fits_seed_image - INFO - Running fits_seed_image....
2021-05-01 16:56:43,105 - mirage.seed_image.fits_seed_image - INFO - 
2021-05-01 16:56:43,107 - mirage.seed_image.fits_seed_image - INFO - using parameter file: image2_data/jw00005001001_01101_00001_nrca1.yaml
2021-05-01 16:56:43,108 - mirage.seed_image.fits_seed_image - INFO - 
2021-05-01 16:56:43,110 - mirage.seed_image.fits_seed_image - INFO - Original log file name: ./mirage_latest.log
2021-05-01 16:56:43,431 - mirage.psf.psf_selection.get_psf_wings - INFO - PSF wings will be from: nircam_nrca1_f200w_clear_fovp401_samp1_predicted_realization0.fits
2021-05-01 16:56:43,741 - mirage.seed_image.fits_seed_image - INFO - JWST FWHM in pix: 2.1635692792862073
2021-05-01 16:56:43,742 - mirage.seed_image.fits_seed_image - INFO - JWST FWHM in arcsec: 0.06776800930797196
2021-05-01 16:57:21,250 - mirage.seed_image.fits_seed_image - INFO - 
2021-05-01 16:57:21,251 - mirage.seed_image.fits_seed_image - INFO - 
2021-05-01 16:57:21,252 - mirage.seed_image.fits_seed_image - INFO - Running fits_seed_image....
2021-05-01 16:57:21,253 - mirage.seed_image.fits_seed_image - INFO - 
2021-05-01 16:57:21,254 - mirage.seed_image.fits_seed_image - INFO - using parameter file: image2_data/jw00005001001_01101_00001_nrca1.yaml
2021-05-01 16:57:21,255 - mirage.seed_image.fits_seed_image - INFO - 
2021-05-01 16:57:21,256 - mirage.seed_image.fits_seed_image - INFO - Original log file name: ./mirage_latest.log
2021-05-01 16:57:21,575 - mirage.psf.psf_selection.get_psf_wings - INFO - PSF wings will be from: nircam_nrca1_f200w_clear_fovp401_samp1_predicted_realization0.fits
2021-05-01 16:57:21,897 - mirage.seed_image.fits_seed_image - INFO - JWST FWHM in pix: 2.1635692792862073
2021-05-01 16:57:21,899 - mirage.seed_image.fits_seed_image - INFO - JWST FWHM in arcsec: 0.06776800930797196
2021-05-01 16:57:21,900 - mirage.seed_image.fits_seed_image - INFO - Creating 2D Gaussian for mosiac PSF
2021-05-01 16:57:21,901 - mirage.seed_image.fits_seed_image - INFO - Mosaic pixel scale: 0.00260003475982296 x 0.0026000347598229886
2021-05-01 16:57:21,902 - mirage.seed_image.fits_seed_image - INFO - JWST pixel scale: 0.03113928 x 0.03132232
2021-05-01 16:57:21,904 - mirage.seed_image.fits_seed_image - INFO - scale ratios: 11.97648603825601, 12.046885097079409
2021-05-01 16:57:21,904 - mirage.seed_image.fits_seed_image - INFO - JWST PSF dims: 101 x 101
2021-05-01 16:57:21,905 - mirage.seed_image.fits_seed_image - INFO - Gaussian PSF dimensions: 1211 x 1217
2021-05-01 16:57:21,968 - mirage.seed_image.fits_seed_image - DEBUG - Temporarily saving psf for development
2021-05-01 16:57:22,006 - mirage.seed_image.fits_seed_image - INFO - Cropping subarray from mosaic
2021-05-01 16:57:22,022 - mirage.seed_image.crop_mosaic - INFO - 
2021-05-01 16:57:22,024 - mirage.seed_image.crop_mosaic - INFO - 
2021-05-01 16:57:22,024 - mirage.seed_image.crop_mosaic - INFO - ******************************************************************
2021-05-01 16:57:22,025 - mirage.seed_image.crop_mosaic - INFO - Assuming input files have been drizzled. Removing SIP coefficients
2021-05-01 16:57:22,026 - mirage.seed_image.crop_mosaic - INFO - ******************************************************************
2021-05-01 16:57:22,028 - mirage.seed_image.crop_mosaic - INFO - 
2021-05-01 16:57:22,030 - mirage.seed_image.crop_mosaic - INFO - 
2021-05-03 14:36:05,809 - mirage.seed_image.fits_seed_image - INFO - 
2021-05-03 14:36:05,814 - mirage.seed_image.fits_seed_image - INFO - 
2021-05-03 14:36:05,814 - mirage.seed_image.fits_seed_image - INFO - Running fits_seed_image....
2021-05-03 14:36:05,816 - mirage.seed_image.fits_seed_image - INFO - 
2021-05-03 14:36:05,817 - mirage.seed_image.fits_seed_image - INFO - using parameter file: image2_data/jw00005001001_01101_00001_nrca1.yaml
2021-05-03 14:36:05,819 - mirage.seed_image.fits_seed_image - INFO - 
2021-05-03 14:36:05,820 - mirage.seed_image.fits_seed_image - INFO - Original log file name: ./mirage_latest.log
2021-05-03 14:36:41,790 - mirage.seed_image.fits_seed_image - INFO - 
2021-05-03 14:36:41,791 - mirage.seed_image.fits_seed_image - INFO - 
2021-05-03 14:36:41,792 - mirage.seed_image.fits_seed_image - INFO - Running fits_seed_image....
2021-05-03 14:36:41,792 - mirage.seed_image.fits_seed_image - INFO - 
2021-05-03 14:36:41,793 - mirage.seed_image.fits_seed_image - INFO - using parameter file: image2_data/jw00005001001_01101_00001_nrca1.yaml
2021-05-03 14:36:41,794 - mirage.seed_image.fits_seed_image - INFO - 
2021-05-03 14:36:41,796 - mirage.seed_image.fits_seed_image - INFO - Original log file name: ./mirage_latest.log
2021-05-03 14:36:42,119 - mirage.psf.psf_selection.get_psf_wings - INFO - PSF wings will be from: nircam_nrca1_f200w_clear_fovp401_samp1_predicted_realization0.fits
2021-05-03 14:36:42,461 - mirage.seed_image.fits_seed_image - INFO - JWST FWHM in pix: 2.1635692792862073
2021-05-03 14:36:42,462 - mirage.seed_image.fits_seed_image - INFO - JWST FWHM in arcsec: 0.06776800930797196
2021-05-03 14:36:42,463 - mirage.seed_image.fits_seed_image - INFO - Creating 2D Gaussian for mosiac PSF
2021-05-03 14:36:42,464 - mirage.seed_image.fits_seed_image - INFO - Mosaic pixel scale: 0.00260003475982296 x 0.0026000347598229886
2021-05-03 14:36:42,466 - mirage.seed_image.fits_seed_image - INFO - JWST pixel scale: 0.03113928 x 0.03132232
2021-05-03 14:36:42,468 - mirage.seed_image.fits_seed_image - INFO - scale ratios: 11.97648603825601, 12.046885097079409
2021-05-03 14:36:42,469 - mirage.seed_image.fits_seed_image - INFO - JWST PSF dims: 101 x 101
2021-05-03 14:36:42,471 - mirage.seed_image.fits_seed_image - INFO - Gaussian PSF dimensions: 1211 x 1217
2021-05-03 14:36:42,569 - mirage.seed_image.fits_seed_image - DEBUG - Temporarily saving psf for development
2021-05-03 14:36:42,609 - mirage.seed_image.fits_seed_image - INFO - Cropping subarray from mosaic
2021-05-03 14:36:42,623 - py.warnings - WARNING - /Users/spacegrey/opt/anaconda3/envs/mirage/lib/python3.7/site-packages/astropy/wcs/wcs.py:709: FITSFixedWarning: 'cdfix' made the change 'Success'.
  FITSFixedWarning)

2021-05-03 14:36:42,624 - py.warnings - WARNING - /Users/spacegrey/opt/anaconda3/envs/mirage/lib/python3.7/site-packages/astropy/wcs/wcs.py:709: FITSFixedWarning: 'unitfix' made the change 'Changed units:
  '     DEG' -> 'deg',
  '     DEG' -> 'deg',
  '      HZ' -> 'Hz'.
  FITSFixedWarning)

2021-05-03 14:36:42,624 - py.warnings - WARNING - /Users/spacegrey/opt/anaconda3/envs/mirage/lib/python3.7/site-packages/astropy/wcs/wcs.py:709: FITSFixedWarning: 'spcfix' made the change 'Changed CTYPE3 from 'FREQ-LSR' to 'FREQ', and SPECSYS to 'LSRK' (VELREF=0)'.
  FITSFixedWarning)

2021-05-03 14:36:42,640 - mirage.seed_image.crop_mosaic - INFO - 
2021-05-03 14:36:42,641 - mirage.seed_image.crop_mosaic - INFO - 
2021-05-03 14:36:42,642 - mirage.seed_image.crop_mosaic - INFO - ******************************************************************
2021-05-03 14:36:42,643 - mirage.seed_image.crop_mosaic - INFO - Assuming input files have been drizzled. Removing SIP coefficients
2021-05-03 14:36:42,644 - mirage.seed_image.crop_mosaic - INFO - ******************************************************************
2021-05-03 14:36:42,645 - mirage.seed_image.crop_mosaic - INFO - 
2021-05-03 14:36:42,646 - mirage.seed_image.crop_mosaic - INFO - 
2021-05-03 17:11:24,744 - mirage.seed_image.fits_seed_image - INFO - 
2021-05-03 17:11:24,745 - mirage.seed_image.fits_seed_image - INFO - 
2021-05-03 17:11:24,746 - mirage.seed_image.fits_seed_image - INFO - Running fits_seed_image....
2021-05-03 17:11:24,746 - mirage.seed_image.fits_seed_image - INFO - 
2021-05-03 17:11:24,747 - mirage.seed_image.fits_seed_image - INFO - using parameter file: image2_data/jw00005001001_01101_00001_nrca1.yaml
2021-05-03 17:11:24,749 - mirage.seed_image.fits_seed_image - INFO - 
2021-05-03 17:11:24,751 - mirage.seed_image.fits_seed_image - INFO - Original log file name: ./mirage_latest.log
2021-05-03 17:14:19,624 - mirage.seed_image.fits_seed_image - INFO - 
2021-05-03 17:14:19,625 - mirage.seed_image.fits_seed_image - INFO - 
2021-05-03 17:14:19,626 - mirage.seed_image.fits_seed_image - INFO - Running fits_seed_image....
2021-05-03 17:14:19,627 - mirage.seed_image.fits_seed_image - INFO - 
2021-05-03 17:14:19,629 - mirage.seed_image.fits_seed_image - INFO - using parameter file: image2_data/jw00005001001_01101_00001_nrca1.yaml
2021-05-03 17:14:19,630 - mirage.seed_image.fits_seed_image - INFO - 
2021-05-03 17:14:19,631 - mirage.seed_image.fits_seed_image - INFO - Original log file name: ./mirage_latest.log
2021-05-03 17:14:19,970 - mirage.psf.psf_selection.get_psf_wings - INFO - PSF wings will be from: nircam_nrca1_f200w_clear_fovp401_samp1_predicted_realization0.fits
2021-05-03 17:14:20,273 - mirage.seed_image.fits_seed_image - INFO - JWST FWHM in pix: 2.1635692792862073
2021-05-03 17:14:20,275 - mirage.seed_image.fits_seed_image - INFO - JWST FWHM in arcsec: 0.06776800930797196
2021-05-03 17:14:20,276 - mirage.seed_image.fits_seed_image - INFO - Creating 2D Gaussian for mosiac PSF
2021-05-03 17:14:20,277 - mirage.seed_image.fits_seed_image - INFO - Mosaic pixel scale: 0.00260003475982296 x 0.0026000347598229886
2021-05-03 17:14:20,278 - mirage.seed_image.fits_seed_image - INFO - JWST pixel scale: 0.03113928 x 0.03132232
2021-05-03 17:14:20,280 - mirage.seed_image.fits_seed_image - INFO - scale ratios: 11.97648603825601, 12.046885097079409
2021-05-03 17:14:20,281 - mirage.seed_image.fits_seed_image - INFO - JWST PSF dims: 101 x 101
2021-05-03 17:14:20,282 - mirage.seed_image.fits_seed_image - INFO - Gaussian PSF dimensions: 1211 x 1217
2021-05-03 17:14:20,370 - mirage.seed_image.fits_seed_image - DEBUG - Temporarily saving psf for development
2021-05-03 17:14:20,417 - mirage.seed_image.fits_seed_image - INFO - Cropping subarray from mosaic
2021-05-03 17:14:20,422 - py.warnings - WARNING - /Users/spacegrey/opt/anaconda3/envs/mirage/lib/python3.7/site-packages/astropy/wcs/wcs.py:709: FITSFixedWarning: 'unitfix' made the change 'Changed units:
  '     DEG' -> 'deg',
  '     DEG' -> 'deg'.
  FITSFixedWarning)

2021-05-03 17:14:20,435 - mirage.seed_image.crop_mosaic - INFO - 
2021-05-03 17:14:20,436 - mirage.seed_image.crop_mosaic - INFO - 
2021-05-03 17:14:20,437 - mirage.seed_image.crop_mosaic - INFO - ******************************************************************
2021-05-03 17:14:20,438 - mirage.seed_image.crop_mosaic - INFO - Assuming input files have been drizzled. Removing SIP coefficients
2021-05-03 17:14:20,439 - mirage.seed_image.crop_mosaic - INFO - ******************************************************************
2021-05-03 17:14:20,440 - mirage.seed_image.crop_mosaic - INFO - 
2021-05-03 17:14:20,441 - mirage.seed_image.crop_mosaic - INFO - 
