2021-05-01 15:34:18,934 - mirage.yaml.yaml_generator - INFO - Running yaml_generator....

2021-05-01 15:34:18,935 - mirage.yaml.yaml_generator - INFO - using APT xml file: image2.xml

2021-05-01 15:34:18,936 - mirage.yaml.yaml_generator - INFO - Original log file name: ./mirage_latest.log
2021-05-01 15:35:07,521 - mirage.yaml.yaml_generator - INFO - Running yaml_generator....

2021-05-01 15:35:07,523 - mirage.yaml.yaml_generator - INFO - using APT xml file: image2.xml

2021-05-01 15:35:07,524 - mirage.yaml.yaml_generator - INFO - Original log file name: ./mirage_latest.log
2021-05-01 15:36:55,394 - mirage.yaml.yaml_generator - INFO - Running yaml_generator....

2021-05-01 15:36:55,396 - mirage.yaml.yaml_generator - INFO - using APT xml file: image2.xml

2021-05-01 15:36:55,398 - mirage.yaml.yaml_generator - INFO - Original log file name: ./mirage_latest.log
2021-05-01 15:36:55,400 - mirage.reference_files.crds_tools.path_check - INFO - CRDS_PATH environment variable not set. Setting to /Users/spacegrey/crds_cache
2021-05-01 15:36:55,434 - mirage.apt.read_apt_xml - INFO - Running read_apt_xml....

2021-05-01 15:37:20,970 - mirage.yaml.yaml_generator - INFO - Running yaml_generator....

2021-05-01 15:37:20,972 - mirage.yaml.yaml_generator - INFO - using APT xml file: ./image2_data/image2.xml

2021-05-01 15:37:20,973 - mirage.yaml.yaml_generator - INFO - Original log file name: ./mirage_latest.log
2021-05-01 15:37:20,995 - mirage.apt.read_apt_xml - INFO - Running read_apt_xml....

2021-05-01 15:37:21,005 - mirage.apt.read_apt_xml - INFO - target_info:
2021-05-01 15:37:21,007 - mirage.apt.read_apt_xml - INFO - {'IMAGE-2': ('03:10:4.8000', '-10:05:24.00')}
2021-05-01 15:37:21,009 - mirage.apt.read_apt_xml - INFO - ++++++++++++++++++++++++++++++++++++++++++++++++++++++++++++++++++++++++++++++++++++++++++++++++++++
2021-05-01 15:37:21,011 - mirage.apt.read_apt_xml - INFO - Observation `001` labelled `Simple Imaging Example` uses template `NircamImaging`
2021-05-01 15:37:21,012 - mirage.apt.read_apt_xml - INFO - APTObservationParams Dictionary holds 0 entries before reading template
2021-05-01 15:37:21,014 - mirage.apt.read_apt_xml - INFO - Primary dither element PrimaryDithers not found, use default primary dithers value (1).
2021-05-01 15:37:21,016 - mirage.apt.read_apt_xml - INFO - Number of dithers: 1 primary * 1 subpixel = 1
2021-05-01 15:37:21,018 - mirage.apt.read_apt_xml - INFO - Dictionary read from template has 1 entries.
2021-05-01 15:37:21,021 - mirage.apt.read_apt_xml - INFO - Found 1 tile(s) for observation 001 Simple Imaging Example
2021-05-01 15:37:21,023 - mirage.apt.read_apt_xml - INFO - Found 1 visits with numbers: [1]
2021-05-01 15:37:21,024 - mirage.apt.read_apt_xml - INFO - APTObservationParams Dictionary holds 1 entries after reading template (+1 entries)
2021-05-01 15:37:21,025 - mirage.apt.read_apt_xml - INFO - Finished reading APT xml file.
2021-05-01 15:37:21,027 - mirage.apt.read_apt_xml - INFO - ++++++++++++++++++++++++++++++++++++++++++++++++++++++++++++++++++++++++++++++++++++++++++++++++++++
2021-05-01 15:37:21,046 - mirage.yaml.generate_observationlist.expand_for_dithers - INFO - Number of entries before expanding dithers: 1
2021-05-01 15:37:21,047 - mirage.yaml.generate_observationlist.expand_for_dithers - INFO - Number of entries after expanding dithers:  1
2021-05-01 15:37:21,048 - mirage.yaml.generate_observationlist.expand_for_dithers - INFO - Expanded table for Observation 001 has 1 entries
2021-05-01 15:37:21,051 - mirage.yaml.generate_observationlist.get_observation_dict - INFO - Wrote 1 observations and 1 entries to /Users/spacegrey/polybox/thesis/simtools/mirage/image2_data/observation_list.yaml
2021-05-01 15:37:24,231 - mirage.apt.apt_inputs - INFO - csv exposure list written to /Users/spacegrey/polybox/thesis/simtools/mirage/image2_data/Observation_table_for_image2.csv
2021-05-01 15:37:24,628 - mirage.yaml.yaml_generator - INFO - No PSF path provided. Using default path as PSF path for all yamls.
2021-05-01 15:37:24,665 - mirage.yaml.yaml_generator - INFO - Updated observation table file saved to /Users/spacegrey/polybox/thesis/simtools/mirage/image2_data/Observation_table_for_image2.xml_with_yaml_parameters.csv
2021-05-01 15:37:24,677 - mirage.yaml.yaml_generator - INFO - 

2021-05-01 15:37:24,678 - mirage.yaml.yaml_generator - INFO - Observation 001:
2021-05-01 15:37:24,679 - mirage.yaml.yaml_generator - INFO -     Prime: NIRCAM
2021-05-01 15:37:24,680 - mirage.yaml.yaml_generator - INFO -     1 visit(s)
2021-05-01 15:37:24,681 - mirage.yaml.yaml_generator - INFO -     1 activity(ies)
2021-05-01 15:37:24,681 - mirage.yaml.yaml_generator - INFO -     10 NIRCam detector(s) in module A and B
2021-05-01 15:37:24,682 - mirage.yaml.yaml_generator - INFO -     10 file(s)
2021-05-01 15:37:24,685 - mirage.yaml.yaml_generator - INFO - 10 output files written to: /Users/spacegrey/polybox/thesis/simtools/mirage/image2_data
2021-05-01 15:37:24,687 - mirage.yaml.yaml_generator - INFO - Yaml generator complete
